chr9:0-150617247
gm12878_dimelo_feb2022_chr9
bases in batch (core allotment reached) 6666000
bases in batch (core allotment reached) 6665099
bases in batch (core allotment reached) 6671344
bases in batch (core allotment reached) 6680081
bases in batch (core allotment reached) 6675784
bases in batch (core allotment reached) 6668574
bases in batch (core allotment reached) 6670368
bases in batch (core allotment reached) 6661157
bases in batch (core allotment reached) 6670347
bases in batch (core allotment reached) 6676902
bases in batch (core allotment reached) 6663214
bases in batch (core allotment reached) 6660722
bases in batch (core allotment reached) 6662018
bases in batch (core allotment reached) 6686246
bases in batch (core allotment reached) 6699779
bases in batch (core allotment reached) 6667010
bases in batch (core allotment reached) 6668293
bases in batch (core allotment reached) 6661784
bases in batch (core allotment reached) 6671501
bases in batch (core allotment reached) 6666834
bases in batch (core allotment reached) 6661813
bases in batch (core allotment reached) 6663143
bases in batch (core allotment reached) 6667307
bases in batch (last for core) 6446727
Starting up parallel processes, tasklist took 1.083064317703247
Starting merge, parallel processing took 605.0516531467438
bigwig
Merge took 2768.8122758865356

