chr12:0-133324548
gm12878_dimelo_feb2022_chr12
bases in batch (core allotment reached) 6832120
bases in batch (core allotment reached) 6829658
bases in batch (core allotment reached) 6845048
bases in batch (core allotment reached) 6842677
bases in batch (core allotment reached) 6842451
bases in batch (core allotment reached) 6832938
bases in batch (core allotment reached) 6837352
bases in batch (core allotment reached) 6833825
bases in batch (core allotment reached) 6846715
bases in batch (core allotment reached) 6877489
bases in batch (core allotment reached) 6846947
bases in batch (core allotment reached) 6836351
bases in batch (core allotment reached) 6838173
bases in batch (core allotment reached) 6830511
bases in batch (core allotment reached) 6829644
bases in batch (core allotment reached) 6832114
bases in batch (core allotment reached) 6848721
bases in batch (core allotment reached) 6833901
bases in batch (core allotment reached) 6848551
bases in batch (core allotment reached) 6847837
bases in batch (core allotment reached) 6837105
bases in batch (core allotment reached) 6837990
bases in batch (core allotment reached) 6856459
bases in batch (last for core) 6564140
Starting up parallel processes, tasklist took 0.9770479202270508
Starting merge, parallel processing took 156.12554812431335
bigwig
Merge took 2246.3658323287964

