chr4:0-193574945
gm12878_dimelo_feb2022_chr4
bases in batch (core allotment reached) 9389414
bases in batch (core allotment reached) 9386501
bases in batch (core allotment reached) 9385114
bases in batch (core allotment reached) 9389583
bases in batch (core allotment reached) 9382932
bases in batch (core allotment reached) 9408438
bases in batch (core allotment reached) 9395236
bases in batch (core allotment reached) 9381907
bases in batch (core allotment reached) 9386396
bases in batch (core allotment reached) 9380777
bases in batch (core allotment reached) 9380905
bases in batch (core allotment reached) 9390766
bases in batch (core allotment reached) 9392616
bases in batch (core allotment reached) 9382891
bases in batch (core allotment reached) 9382108
bases in batch (core allotment reached) 9380713
bases in batch (core allotment reached) 9395989
bases in batch (core allotment reached) 9380466
bases in batch (core allotment reached) 9381923
bases in batch (core allotment reached) 9380354
bases in batch (core allotment reached) 9385772
bases in batch (core allotment reached) 9384108
bases in batch (core allotment reached) 9385013
bases in batch (last for core) 9219008
Starting up parallel processes, tasklist took 1.5069348812103271
Starting merge, parallel processing took 246.29450607299805
bigwig
Merge took 3285.088616132736

