chr22:0-51324926
gm12878_dimelo_feb2022_chr22
bases in batch (core allotment reached) 2470154
bases in batch (core allotment reached) 2464380
bases in batch (core allotment reached) 2467197
bases in batch (core allotment reached) 2462884
bases in batch (core allotment reached) 2478507
bases in batch (core allotment reached) 2468080
bases in batch (core allotment reached) 2471333
bases in batch (core allotment reached) 2466538
bases in batch (core allotment reached) 2463476
bases in batch (core allotment reached) 2465231
bases in batch (core allotment reached) 2463691
bases in batch (core allotment reached) 2466615
bases in batch (core allotment reached) 2487607
bases in batch (core allotment reached) 2465498
bases in batch (core allotment reached) 2470450
bases in batch (core allotment reached) 2465430
bases in batch (core allotment reached) 2479026
bases in batch (core allotment reached) 2469495
bases in batch (core allotment reached) 2476140
bases in batch (core allotment reached) 2466633
bases in batch (core allotment reached) 2468914
bases in batch (core allotment reached) 2467893
bases in batch (core allotment reached) 2462890
bases in batch (last for core) 2314081
Starting up parallel processes, tasklist took 0.45479822158813477
Starting merge, parallel processing took 84.89223146438599
bigwig
Merge took 862.8527932167053

