chrX:0-154259566
gm12878_dimelo_feb2022_chrX
bases in batch (core allotment reached) 7567271
bases in batch (core allotment reached) 7563781
bases in batch (core allotment reached) 7573954
bases in batch (core allotment reached) 7574305
bases in batch (core allotment reached) 7560739
bases in batch (core allotment reached) 7571497
bases in batch (core allotment reached) 7571569
bases in batch (core allotment reached) 7575509
bases in batch (core allotment reached) 7585872
bases in batch (core allotment reached) 7593575
bases in batch (core allotment reached) 7567132
bases in batch (core allotment reached) 7565323
bases in batch (core allotment reached) 7585216
bases in batch (core allotment reached) 7566399
bases in batch (core allotment reached) 7568102
bases in batch (core allotment reached) 7566869
bases in batch (core allotment reached) 7565778
bases in batch (core allotment reached) 7560728
bases in batch (core allotment reached) 7579102
bases in batch (core allotment reached) 7576288
bases in batch (core allotment reached) 7566907
bases in batch (core allotment reached) 7562671
bases in batch (core allotment reached) 7573412
bases in batch (last for core) 7313875
Starting up parallel processes, tasklist took 1.0314733982086182
Starting merge, parallel processing took 178.23940587043762
bigwig
Merge took 2594.280485868454

