chr5:0-182045439
gm12878_dimelo_feb2022_chr5
bases in batch (core allotment reached) 9400211
bases in batch (core allotment reached) 9399204
bases in batch (core allotment reached) 9412759
bases in batch (core allotment reached) 9425731
bases in batch (core allotment reached) 9443372
bases in batch (core allotment reached) 9408063
bases in batch (core allotment reached) 9399842
bases in batch (core allotment reached) 9402599
bases in batch (core allotment reached) 9417991
bases in batch (core allotment reached) 9417393
bases in batch (core allotment reached) 9398085
bases in batch (core allotment reached) 9404139
bases in batch (core allotment reached) 9400637
bases in batch (core allotment reached) 9423609
bases in batch (core allotment reached) 9406575
bases in batch (core allotment reached) 9396986
bases in batch (core allotment reached) 9402319
bases in batch (core allotment reached) 9408328
bases in batch (core allotment reached) 9404257
bases in batch (core allotment reached) 9400918
bases in batch (core allotment reached) 9396953
bases in batch (core allotment reached) 9399099
bases in batch (core allotment reached) 9404706
bases in batch (last for core) 9145133
Starting up parallel processes, tasklist took 1.4412407875061035
Starting merge, parallel processing took 212.02492785453796
bigwig
Merge took 3067.365565299988

