chr11:0-135127769
gm12878_dimelo_feb2022_chr11
bases in batch (core allotment reached) 6828150
bases in batch (core allotment reached) 6826869
bases in batch (core allotment reached) 6843913
bases in batch (core allotment reached) 6849495
bases in batch (core allotment reached) 6824837
bases in batch (core allotment reached) 6826845
bases in batch (core allotment reached) 6829329
bases in batch (core allotment reached) 6828019
bases in batch (core allotment reached) 6832585
bases in batch (core allotment reached) 6828741
bases in batch (core allotment reached) 6832999
bases in batch (core allotment reached) 6848161
bases in batch (core allotment reached) 6833351
bases in batch (core allotment reached) 6833078
bases in batch (core allotment reached) 6849204
bases in batch (core allotment reached) 6838347
bases in batch (core allotment reached) 6831163
bases in batch (core allotment reached) 6823834
bases in batch (core allotment reached) 6824397
bases in batch (core allotment reached) 6836308
bases in batch (core allotment reached) 6835972
bases in batch (core allotment reached) 6838665
bases in batch (core allotment reached) 6825137
bases in batch (last for core) 6575204
Starting up parallel processes, tasklist took 1.198641061782837
Starting merge, parallel processing took 168.36786937713623
bigwig
Merge took 2297.513908624649

