chr18:0-80542538
gm12878_dimelo_feb2022_chr18
bases in batch (core allotment reached) 3992727
bases in batch (core allotment reached) 3972152
bases in batch (core allotment reached) 3975569
bases in batch (core allotment reached) 3971731
bases in batch (core allotment reached) 3987564
bases in batch (core allotment reached) 3986120
bases in batch (core allotment reached) 3995388
bases in batch (core allotment reached) 3971587
bases in batch (core allotment reached) 3975372
bases in batch (core allotment reached) 3971214
bases in batch (core allotment reached) 3976958
bases in batch (core allotment reached) 3984826
bases in batch (core allotment reached) 3972065
bases in batch (core allotment reached) 3980164
bases in batch (core allotment reached) 3971914
bases in batch (core allotment reached) 3984894
bases in batch (core allotment reached) 4002401
bases in batch (core allotment reached) 3971606
bases in batch (core allotment reached) 3983168
bases in batch (core allotment reached) 3975405
bases in batch (core allotment reached) 3974640
bases in batch (core allotment reached) 3971746
bases in batch (core allotment reached) 3973231
bases in batch (last for core) 3783349
Starting up parallel processes, tasklist took 0.7254781723022461
Starting merge, parallel processing took 111.67410111427307
bigwig
Merge took 1354.188915014267

