chr20:0-66210255
gm12878_dimelo_feb2022_chr20
bases in batch (core allotment reached) 3481957
bases in batch (core allotment reached) 3466784
bases in batch (core allotment reached) 3450633
bases in batch (core allotment reached) 3449274
bases in batch (core allotment reached) 3476189
bases in batch (core allotment reached) 3467055
bases in batch (core allotment reached) 3457204
bases in batch (core allotment reached) 3449243
bases in batch (core allotment reached) 3476652
bases in batch (core allotment reached) 3450846
bases in batch (core allotment reached) 3452767
bases in batch (core allotment reached) 3453761
bases in batch (core allotment reached) 3449756
bases in batch (core allotment reached) 3448025
bases in batch (core allotment reached) 3450776
bases in batch (core allotment reached) 3455336
bases in batch (core allotment reached) 3491347
bases in batch (core allotment reached) 3451782
bases in batch (core allotment reached) 3447922
bases in batch (core allotment reached) 3449579
bases in batch (core allotment reached) 3459864
bases in batch (core allotment reached) 3475110
bases in batch (core allotment reached) 3447257
bases in batch (last for core) 3167251
Starting up parallel processes, tasklist took 0.6167700290679932
Starting merge, parallel processing took 79.24935746192932
bigwig
Merge took 1061.6650598049164

