chr6:0-172126628
gm12878_dimelo_feb2022_chr6
bases in batch (core allotment reached) 9014847
bases in batch (core allotment reached) 9027298
bases in batch (core allotment reached) 9019910
bases in batch (core allotment reached) 9014456
bases in batch (core allotment reached) 9025713
bases in batch (core allotment reached) 9024263
bases in batch (core allotment reached) 9019029
bases in batch (core allotment reached) 9025857
bases in batch (core allotment reached) 9018594
bases in batch (core allotment reached) 9013271
bases in batch (core allotment reached) 9013916
bases in batch (core allotment reached) 9014717
bases in batch (core allotment reached) 9016954
bases in batch (core allotment reached) 9034778
bases in batch (core allotment reached) 9021311
bases in batch (core allotment reached) 9059195
bases in batch (core allotment reached) 9015152
bases in batch (core allotment reached) 9021903
bases in batch (core allotment reached) 9026632
bases in batch (core allotment reached) 9028229
bases in batch (core allotment reached) 9013314
bases in batch (core allotment reached) 9020471
bases in batch (core allotment reached) 9048848
bases in batch (last for core) 8760519
Starting up parallel processes, tasklist took 1.335005283355713
Starting merge, parallel processing took 218.74043941497803
bigwig
Merge took 2964.918609857559

