chr21:0-45090682
gm12878_dimelo_feb2022_chr21
bases in batch (core allotment reached) 2424092
bases in batch (core allotment reached) 2420151
bases in batch (core allotment reached) 2419219
bases in batch (core allotment reached) 2422189
bases in batch (core allotment reached) 2418196
bases in batch (core allotment reached) 2422219
bases in batch (core allotment reached) 2422314
bases in batch (core allotment reached) 2428056
bases in batch (core allotment reached) 2429130
bases in batch (core allotment reached) 2421091
bases in batch (core allotment reached) 2464199
bases in batch (core allotment reached) 2425591
bases in batch (core allotment reached) 2417807
bases in batch (core allotment reached) 2424933
bases in batch (core allotment reached) 2421342
bases in batch (core allotment reached) 2417792
bases in batch (core allotment reached) 2417678
bases in batch (core allotment reached) 2431432
bases in batch (core allotment reached) 2418914
bases in batch (core allotment reached) 2449146
bases in batch (core allotment reached) 2447525
bases in batch (core allotment reached) 2423724
bases in batch (core allotment reached) 2418975
bases in batch (last for core) 2216328
Starting up parallel processes, tasklist took 0.4709811210632324
Starting merge, parallel processing took 60.93655252456665
bigwig
Merge took 775.9732127189636

