chr7:0-160567428
gm12878_dimelo_feb2022_chr7
bases in batch (core allotment reached) 8144236
bases in batch (core allotment reached) 8170507
bases in batch (core allotment reached) 8145252
bases in batch (core allotment reached) 8143439
bases in batch (core allotment reached) 8143660
bases in batch (core allotment reached) 8153333
bases in batch (core allotment reached) 8144399
bases in batch (core allotment reached) 8167685
bases in batch (core allotment reached) 8159868
bases in batch (core allotment reached) 8147239
bases in batch (core allotment reached) 8146475
bases in batch (core allotment reached) 8148005
bases in batch (core allotment reached) 8147445
bases in batch (core allotment reached) 8180543
bases in batch (core allotment reached) 8161510
bases in batch (core allotment reached) 8148767
bases in batch (core allotment reached) 8150452
bases in batch (core allotment reached) 8167021
bases in batch (core allotment reached) 8173822
bases in batch (core allotment reached) 8144135
bases in batch (core allotment reached) 8148666
bases in batch (core allotment reached) 8158214
bases in batch (core allotment reached) 8190277
bases in batch (last for core) 7843903
Starting up parallel processes, tasklist took 1.507371425628662
Starting merge, parallel processing took 188.64578986167908
bigwig
Merge took 2715.058987379074

