chr13:0-113566686
gm12878_dimelo_feb2022_chr13
bases in batch (core allotment reached) 5278429
bases in batch (core allotment reached) 5274799
bases in batch (core allotment reached) 5271863
bases in batch (core allotment reached) 5281996
bases in batch (core allotment reached) 5299837
bases in batch (core allotment reached) 5267645
bases in batch (core allotment reached) 5275979
bases in batch (core allotment reached) 5268085
bases in batch (core allotment reached) 5288836
bases in batch (core allotment reached) 5281857
bases in batch (core allotment reached) 5273343
bases in batch (core allotment reached) 5268807
bases in batch (core allotment reached) 5274286
bases in batch (core allotment reached) 5286200
bases in batch (core allotment reached) 5270709
bases in batch (core allotment reached) 5287972
bases in batch (core allotment reached) 5274919
bases in batch (core allotment reached) 5280042
bases in batch (core allotment reached) 5287944
bases in batch (core allotment reached) 5288497
bases in batch (core allotment reached) 5272994
bases in batch (core allotment reached) 5288158
bases in batch (core allotment reached) 5267681
bases in batch (last for core) 5009151
Starting up parallel processes, tasklist took 0.9388518333435059
Starting merge, parallel processing took 190.7245225906372
bigwig
Merge took 1929.845466852188

