chr16:0-96330374
gm12878_dimelo_feb2022_chr16
bases in batch (core allotment reached) 4596188
bases in batch (core allotment reached) 4602949
bases in batch (core allotment reached) 4600032
bases in batch (core allotment reached) 4596807
bases in batch (core allotment reached) 4595808
bases in batch (core allotment reached) 4610002
bases in batch (core allotment reached) 4599464
bases in batch (core allotment reached) 4612688
bases in batch (core allotment reached) 4599279
bases in batch (core allotment reached) 4607208
bases in batch (core allotment reached) 4599688
bases in batch (core allotment reached) 4599281
bases in batch (core allotment reached) 4595438
bases in batch (core allotment reached) 4609288
bases in batch (core allotment reached) 4609796
bases in batch (core allotment reached) 4612849
bases in batch (core allotment reached) 4595489
bases in batch (core allotment reached) 4596755
bases in batch (core allotment reached) 4600588
bases in batch (core allotment reached) 4605938
bases in batch (core allotment reached) 4605256
bases in batch (core allotment reached) 4600210
bases in batch (core allotment reached) 4635845
bases in batch (last for core) 4393159
Starting up parallel processes, tasklist took 0.7365479469299316
Starting merge, parallel processing took 155.42763996124268
bigwig
Merge took 1597.416443347931

