chr14:0-101161492
gm12878_dimelo_feb2022_chr14
bases in batch (core allotment reached) 4942496
bases in batch (core allotment reached) 4944075
bases in batch (core allotment reached) 4931379
bases in batch (core allotment reached) 4929186
bases in batch (core allotment reached) 4934846
bases in batch (core allotment reached) 4930940
bases in batch (core allotment reached) 4929783
bases in batch (core allotment reached) 4929316
bases in batch (core allotment reached) 4959490
bases in batch (core allotment reached) 4940985
bases in batch (core allotment reached) 4944307
bases in batch (core allotment reached) 4932034
bases in batch (core allotment reached) 4943651
bases in batch (core allotment reached) 4941354
bases in batch (core allotment reached) 4933401
bases in batch (core allotment reached) 4929053
bases in batch (core allotment reached) 4941277
bases in batch (core allotment reached) 4934542
bases in batch (core allotment reached) 4953223
bases in batch (core allotment reached) 4930519
bases in batch (core allotment reached) 4931852
bases in batch (core allotment reached) 4929153
bases in batch (core allotment reached) 4931046
bases in batch (last for core) 4745267
Starting up parallel processes, tasklist took 0.8319916725158691
Starting merge, parallel processing took 128.23049902915955
bigwig
Merge took 1739.6402246952057

