chr15:0-99753195
gm12878_dimelo_feb2022_chr15
bases in batch (core allotment reached) 5141772
bases in batch (core allotment reached) 5163004
bases in batch (core allotment reached) 5144016
bases in batch (core allotment reached) 5144348
bases in batch (core allotment reached) 5139978
bases in batch (core allotment reached) 5164156
bases in batch (core allotment reached) 5153225
bases in batch (core allotment reached) 5143089
bases in batch (core allotment reached) 5139467
bases in batch (core allotment reached) 5143878
bases in batch (core allotment reached) 5148122
bases in batch (core allotment reached) 5142111
bases in batch (core allotment reached) 5151434
bases in batch (core allotment reached) 5152214
bases in batch (core allotment reached) 5141399
bases in batch (core allotment reached) 5140605
bases in batch (core allotment reached) 5148032
bases in batch (core allotment reached) 5140999
bases in batch (core allotment reached) 5141257
bases in batch (core allotment reached) 5152981
bases in batch (core allotment reached) 5151355
bases in batch (core allotment reached) 5151772
bases in batch (core allotment reached) 5160530
bases in batch (last for core) 4930591
Starting up parallel processes, tasklist took 0.8340752124786377
Starting merge, parallel processing took 187.11854600906372
bigwig
Merge took 1679.7729001045227

