chr8:0-146259331
gm12878_dimelo_feb2022_chr8
bases in batch (core allotment reached) 7321193
bases in batch (core allotment reached) 7286131
bases in batch (core allotment reached) 7280396
bases in batch (core allotment reached) 7280945
bases in batch (core allotment reached) 7284939
bases in batch (core allotment reached) 7287714
bases in batch (core allotment reached) 7294608
bases in batch (core allotment reached) 7298345
bases in batch (core allotment reached) 7294662
bases in batch (core allotment reached) 7283016
bases in batch (core allotment reached) 7281360
bases in batch (core allotment reached) 7277170
bases in batch (core allotment reached) 7280609
bases in batch (core allotment reached) 7279786
bases in batch (core allotment reached) 7277630
bases in batch (core allotment reached) 7279873
bases in batch (core allotment reached) 7283983
bases in batch (core allotment reached) 7287137
bases in batch (core allotment reached) 7294321
bases in batch (core allotment reached) 7280474
bases in batch (core allotment reached) 7291062
bases in batch (core allotment reached) 7277163
bases in batch (core allotment reached) 7278400
bases in batch (last for core) 7058374
Starting up parallel processes, tasklist took 1.2097837924957275
Starting merge, parallel processing took 182.12432098388672
bigwig
Merge took 2518.7570078372955

