chr10:0-134758134
gm12878_dimelo_feb2022_chr10
bases in batch (core allotment reached) 6971610
bases in batch (core allotment reached) 6969272
bases in batch (core allotment reached) 6975313
bases in batch (core allotment reached) 6964314
bases in batch (core allotment reached) 6978826
bases in batch (core allotment reached) 6979686
bases in batch (core allotment reached) 6971016
bases in batch (core allotment reached) 6967409
bases in batch (core allotment reached) 6979955
bases in batch (core allotment reached) 6985515
bases in batch (core allotment reached) 6968221
bases in batch (core allotment reached) 6969126
bases in batch (core allotment reached) 6965110
bases in batch (core allotment reached) 6968046
bases in batch (core allotment reached) 6968858
bases in batch (core allotment reached) 6973014
bases in batch (core allotment reached) 6969894
bases in batch (core allotment reached) 6976067
bases in batch (core allotment reached) 6963497
bases in batch (core allotment reached) 6972781
bases in batch (core allotment reached) 6975193
bases in batch (core allotment reached) 6978988
bases in batch (core allotment reached) 6981301
bases in batch (last for core) 6731043
Starting up parallel processes, tasklist took 1.1022334098815918
Starting merge, parallel processing took 156.46195363998413
bigwig
Merge took 2265.0418679714203

