chr17:0-84276897
gm12878_dimelo_feb2022_chr17
bases in batch (core allotment reached) 4337622
bases in batch (core allotment reached) 4325910
bases in batch (core allotment reached) 4330228
bases in batch (core allotment reached) 4332121
bases in batch (core allotment reached) 4327599
bases in batch (core allotment reached) 4325434
bases in batch (core allotment reached) 4325053
bases in batch (core allotment reached) 4329599
bases in batch (core allotment reached) 4344164
bases in batch (core allotment reached) 4331243
bases in batch (core allotment reached) 4337625
bases in batch (core allotment reached) 4328133
bases in batch (core allotment reached) 4335207
bases in batch (core allotment reached) 4326963
bases in batch (core allotment reached) 4328948
bases in batch (core allotment reached) 4354809
bases in batch (core allotment reached) 4325777
bases in batch (core allotment reached) 4347512
bases in batch (core allotment reached) 4343908
bases in batch (core allotment reached) 4326691
bases in batch (core allotment reached) 4332786
bases in batch (core allotment reached) 4344903
bases in batch (core allotment reached) 4330125
bases in batch (last for core) 4113822
Starting up parallel processes, tasklist took 0.7069234848022461
Starting merge, parallel processing took 102.2152693271637
bigwig
Merge took 1357.0655126571655

