chr19:0-61707364
gm12878_dimelo_feb2022_chr19
bases in batch (core allotment reached) 3078463
bases in batch (core allotment reached) 3055681
bases in batch (core allotment reached) 3061359
bases in batch (core allotment reached) 3061668
bases in batch (core allotment reached) 3079557
bases in batch (core allotment reached) 3070839
bases in batch (core allotment reached) 3056466
bases in batch (core allotment reached) 3082438
bases in batch (core allotment reached) 3055513
bases in batch (core allotment reached) 3053926
bases in batch (core allotment reached) 3055164
bases in batch (core allotment reached) 3060743
bases in batch (core allotment reached) 3056289
bases in batch (core allotment reached) 3059601
bases in batch (core allotment reached) 3066155
bases in batch (core allotment reached) 3059447
bases in batch (core allotment reached) 3070780
bases in batch (core allotment reached) 3062586
bases in batch (core allotment reached) 3055329
bases in batch (core allotment reached) 3054094
bases in batch (core allotment reached) 3057897
bases in batch (core allotment reached) 3058166
bases in batch (core allotment reached) 3053725
bases in batch (last for core) 2862158
Starting up parallel processes, tasklist took 0.5592119693756104
Starting merge, parallel processing took 81.46404457092285
bigwig
Merge took 1076.8323554992676

