chr14:0-101161492
hek293_dimelo_feb2022_chr14
bases in batch (core allotment reached) 2047554
bases in batch (core allotment reached) 2049122
bases in batch (core allotment reached) 2053751
bases in batch (core allotment reached) 2047209
bases in batch (core allotment reached) 2051642
bases in batch (core allotment reached) 2054339
bases in batch (core allotment reached) 2061880
bases in batch (core allotment reached) 2054795
bases in batch (core allotment reached) 2057571
bases in batch (core allotment reached) 2066060
bases in batch (core allotment reached) 2044813
bases in batch (core allotment reached) 2043623
bases in batch (core allotment reached) 2049154
bases in batch (core allotment reached) 2042156
bases in batch (core allotment reached) 2042373
bases in batch (core allotment reached) 2075651
bases in batch (core allotment reached) 2056160
bases in batch (core allotment reached) 2050336
bases in batch (core allotment reached) 2043613
bases in batch (core allotment reached) 2042248
bases in batch (core allotment reached) 2054203
bases in batch (core allotment reached) 2044575
bases in batch (core allotment reached) 2100590
bases in batch (last for core) 1772501
Starting up parallel processes, tasklist took 0.40218067169189453
Starting merge, parallel processing took 139.4375810623169
bigwig
Merge took 1743.7139880657196

