chr2:0-242696752
hek293_dimelo_feb2022_chr2
bases in batch (core allotment reached) 4859164
bases in batch (core allotment reached) 4859263
bases in batch (core allotment reached) 4863840
bases in batch (core allotment reached) 4859323
bases in batch (core allotment reached) 4861353
bases in batch (core allotment reached) 4863538
bases in batch (core allotment reached) 4899573
bases in batch (core allotment reached) 4867617
bases in batch (core allotment reached) 4865967
bases in batch (core allotment reached) 4858014
bases in batch (core allotment reached) 4870021
bases in batch (core allotment reached) 4864424
bases in batch (core allotment reached) 4864676
bases in batch (core allotment reached) 4867658
bases in batch (core allotment reached) 4871981
bases in batch (core allotment reached) 4859032
bases in batch (core allotment reached) 4868582
bases in batch (core allotment reached) 4859033
bases in batch (core allotment reached) 4864803
bases in batch (core allotment reached) 4859499
bases in batch (core allotment reached) 4856299
bases in batch (core allotment reached) 4863518
bases in batch (core allotment reached) 4862309
bases in batch (last for core) 4630992
Starting up parallel processes, tasklist took 1.0334594249725342
Starting merge, parallel processing took 251.8221001625061
bigwig
Merge took 3883.852059364319

