chr10:0-134758134
hek293_dimelo_feb2022_chr10
bases in batch (core allotment reached) 2770765
bases in batch (core allotment reached) 2775982
bases in batch (core allotment reached) 2766684
bases in batch (core allotment reached) 2778861
bases in batch (core allotment reached) 2765638
bases in batch (core allotment reached) 2791122
bases in batch (core allotment reached) 2771981
bases in batch (core allotment reached) 2766965
bases in batch (core allotment reached) 2764374
bases in batch (core allotment reached) 2799684
bases in batch (core allotment reached) 2780338
bases in batch (core allotment reached) 2763854
bases in batch (core allotment reached) 2770791
bases in batch (core allotment reached) 2765417
bases in batch (core allotment reached) 2774639
bases in batch (core allotment reached) 2777517
bases in batch (core allotment reached) 2765415
bases in batch (core allotment reached) 2764635
bases in batch (core allotment reached) 2768201
bases in batch (core allotment reached) 2765447
bases in batch (core allotment reached) 2763725
bases in batch (core allotment reached) 2767188
bases in batch (core allotment reached) 2763773
bases in batch (last for core) 2579606
Starting up parallel processes, tasklist took 0.49393177032470703
Starting merge, parallel processing took 174.8861062526703
bigwig
Merge took 2258.694079399109

