chr16:0-96330374
hek293_dimelo_feb2022_chr16
bases in batch (core allotment reached) 1793841
bases in batch (core allotment reached) 1796394
bases in batch (core allotment reached) 1793405
bases in batch (core allotment reached) 1785273
bases in batch (core allotment reached) 1823993
bases in batch (core allotment reached) 1789667
bases in batch (core allotment reached) 1790393
bases in batch (core allotment reached) 1794177
bases in batch (core allotment reached) 1807881
bases in batch (core allotment reached) 1788295
bases in batch (core allotment reached) 1790163
bases in batch (core allotment reached) 1806098
bases in batch (core allotment reached) 1813759
bases in batch (core allotment reached) 1788946
bases in batch (core allotment reached) 1797108
bases in batch (core allotment reached) 1796003
bases in batch (core allotment reached) 1801232
bases in batch (core allotment reached) 1787200
bases in batch (core allotment reached) 1796260
bases in batch (core allotment reached) 1785213
bases in batch (core allotment reached) 1795042
bases in batch (core allotment reached) 1792838
bases in batch (core allotment reached) 1792213
bases in batch (last for core) 1537135
Starting up parallel processes, tasklist took 0.4048795700073242
Starting merge, parallel processing took 223.05461812019348
bigwig
Merge took 1769.1454327106476

