chr12:0-133324548
hek293_dimelo_feb2022_chr12
bases in batch (core allotment reached) 2630235
bases in batch (core allotment reached) 2645925
bases in batch (core allotment reached) 2631190
bases in batch (core allotment reached) 2633154
bases in batch (core allotment reached) 2633022
bases in batch (core allotment reached) 2647881
bases in batch (core allotment reached) 2634079
bases in batch (core allotment reached) 2637536
bases in batch (core allotment reached) 2633827
bases in batch (core allotment reached) 2636627
bases in batch (core allotment reached) 2633981
bases in batch (core allotment reached) 2642983
bases in batch (core allotment reached) 2630972
bases in batch (core allotment reached) 2635253
bases in batch (core allotment reached) 2631908
bases in batch (core allotment reached) 2649050
bases in batch (core allotment reached) 2631567
bases in batch (core allotment reached) 2630956
bases in batch (core allotment reached) 2645839
bases in batch (core allotment reached) 2631262
bases in batch (core allotment reached) 2638494
bases in batch (core allotment reached) 2640241
bases in batch (core allotment reached) 2635464
bases in batch (last for core) 2477265
Starting up parallel processes, tasklist took 0.451671838760376
Starting merge, parallel processing took 146.1898009777069
bigwig
Merge took 2264.9687077999115

