chr3:0-201105948
hek293_dimelo_feb2022_chr3
bases in batch (core allotment reached) 4530162
bases in batch (core allotment reached) 4530344
bases in batch (core allotment reached) 4537682
bases in batch (core allotment reached) 4536510
bases in batch (core allotment reached) 4528396
bases in batch (core allotment reached) 4536976
bases in batch (core allotment reached) 4546684
bases in batch (core allotment reached) 4532900
bases in batch (core allotment reached) 4529028
bases in batch (core allotment reached) 4529345
bases in batch (core allotment reached) 4544243
bases in batch (core allotment reached) 4534268
bases in batch (core allotment reached) 4535283
bases in batch (core allotment reached) 4538109
bases in batch (core allotment reached) 4534476
bases in batch (core allotment reached) 4526354
bases in batch (core allotment reached) 4533052
bases in batch (core allotment reached) 4632502
bases in batch (core allotment reached) 4528535
bases in batch (core allotment reached) 4554029
bases in batch (core allotment reached) 4547479
bases in batch (core allotment reached) 4528188
bases in batch (core allotment reached) 4531561
bases in batch (last for core) 4209306
Starting up parallel processes, tasklist took 0.8065752983093262
Starting merge, parallel processing took 256.21490812301636
bigwig
Merge took 3398.7084019184113

