chr1:0-248387328
hek293_dimelo_feb2022_chr1
bases in batch (core allotment reached) 6619948
bases in batch (core allotment reached) 6591713
bases in batch (core allotment reached) 6589261
bases in batch (core allotment reached) 6592807
bases in batch (core allotment reached) 6588895
bases in batch (core allotment reached) 6602304
bases in batch (core allotment reached) 6600469
bases in batch (core allotment reached) 6587264
bases in batch (core allotment reached) 6586638
bases in batch (core allotment reached) 6591481
bases in batch (core allotment reached) 6589468
bases in batch (core allotment reached) 6608196
bases in batch (core allotment reached) 6586929
bases in batch (core allotment reached) 6614572
bases in batch (core allotment reached) 6591535
bases in batch (core allotment reached) 6588957
bases in batch (core allotment reached) 6614075
bases in batch (core allotment reached) 6606718
bases in batch (core allotment reached) 6599800
bases in batch (core allotment reached) 6588097
bases in batch (core allotment reached) 6597894
bases in batch (core allotment reached) 6619744
bases in batch (core allotment reached) 6586791
bases in batch (last for core) 6326197
Starting up parallel processes, tasklist took 1.0556795597076416
Starting merge, parallel processing took 365.021550655365
bigwig
Merge took 4144.031167984009

