chrX:0-154259566
hek293_dimelo_feb2022_chrX
bases in batch (core allotment reached) 3578161
bases in batch (core allotment reached) 3578590
bases in batch (core allotment reached) 3573679
bases in batch (core allotment reached) 3585692
bases in batch (core allotment reached) 3565788
bases in batch (core allotment reached) 3566205
bases in batch (core allotment reached) 3566697
bases in batch (core allotment reached) 3569388
bases in batch (core allotment reached) 3572708
bases in batch (core allotment reached) 3585829
bases in batch (core allotment reached) 3569743
bases in batch (core allotment reached) 3567861
bases in batch (core allotment reached) 3572513
bases in batch (core allotment reached) 3566656
bases in batch (core allotment reached) 3570896
bases in batch (core allotment reached) 3572472
bases in batch (core allotment reached) 3581170
bases in batch (core allotment reached) 3584790
bases in batch (core allotment reached) 3568076
bases in batch (core allotment reached) 3566388
bases in batch (core allotment reached) 3567960
bases in batch (core allotment reached) 3573838
bases in batch (core allotment reached) 3575632
bases in batch (last for core) 3386023
Starting up parallel processes, tasklist took 0.8637270927429199
Starting merge, parallel processing took 186.2641520500183
bigwig
Merge took 2592.214027404785

