chr5:0-182045439
hek293_dimelo_feb2022_chr5
bases in batch (core allotment reached) 3610219
bases in batch (core allotment reached) 3610720
bases in batch (core allotment reached) 3604056
bases in batch (core allotment reached) 3605515
bases in batch (core allotment reached) 3603438
bases in batch (core allotment reached) 3597306
bases in batch (core allotment reached) 3598618
bases in batch (core allotment reached) 3595743
bases in batch (core allotment reached) 3598203
bases in batch (core allotment reached) 3603069
bases in batch (core allotment reached) 3602696
bases in batch (core allotment reached) 3617287
bases in batch (core allotment reached) 3599126
bases in batch (core allotment reached) 3617770
bases in batch (core allotment reached) 3597821
bases in batch (core allotment reached) 3597326
bases in batch (core allotment reached) 3595513
bases in batch (core allotment reached) 3595553
bases in batch (core allotment reached) 3618353
bases in batch (core allotment reached) 3604766
bases in batch (core allotment reached) 3616150
bases in batch (core allotment reached) 3596371
bases in batch (core allotment reached) 3604237
bases in batch (last for core) 3397360
Starting up parallel processes, tasklist took 0.6578123569488525
Starting merge, parallel processing took 208.99042654037476
bigwig
Merge took 3345.1561782360077

