chr9:0-150617247
hek293_dimelo_feb2022_chr9
bases in batch (core allotment reached) 2447618
bases in batch (core allotment reached) 2455410
bases in batch (core allotment reached) 2482177
bases in batch (core allotment reached) 2443900
bases in batch (core allotment reached) 2456118
bases in batch (core allotment reached) 2456854
bases in batch (core allotment reached) 2459900
bases in batch (core allotment reached) 2450567
bases in batch (core allotment reached) 2445743
bases in batch (core allotment reached) 2474938
bases in batch (core allotment reached) 2486037
bases in batch (core allotment reached) 2446623
bases in batch (core allotment reached) 2458221
bases in batch (core allotment reached) 2448868
bases in batch (core allotment reached) 2444590
bases in batch (core allotment reached) 2476991
bases in batch (core allotment reached) 2450257
bases in batch (core allotment reached) 2447941
bases in batch (core allotment reached) 2468049
bases in batch (core allotment reached) 2454502
bases in batch (core allotment reached) 2477943
bases in batch (core allotment reached) 2458534
bases in batch (core allotment reached) 2477308
bases in batch (last for core) 2084086
Starting up parallel processes, tasklist took 0.5167045593261719
Starting merge, parallel processing took 555.3460166454315
bigwig
Merge took 2533.9806315898895

