chr6:0-172126628
hek293_dimelo_feb2022_chr6
bases in batch (core allotment reached) 3955387
bases in batch (core allotment reached) 3947399
bases in batch (core allotment reached) 3933179
bases in batch (core allotment reached) 3934985
bases in batch (core allotment reached) 3933017
bases in batch (core allotment reached) 3952080
bases in batch (core allotment reached) 3945071
bases in batch (core allotment reached) 3934872
bases in batch (core allotment reached) 3955313
bases in batch (core allotment reached) 3933565
bases in batch (core allotment reached) 3950895
bases in batch (core allotment reached) 3935197
bases in batch (core allotment reached) 3934376
bases in batch (core allotment reached) 3940213
bases in batch (core allotment reached) 3937541
bases in batch (core allotment reached) 3935415
bases in batch (core allotment reached) 3956576
bases in batch (core allotment reached) 3935541
bases in batch (core allotment reached) 3936710
bases in batch (core allotment reached) 3947524
bases in batch (core allotment reached) 3941532
bases in batch (core allotment reached) 3937372
bases in batch (core allotment reached) 3945656
bases in batch (last for core) 3714982
Starting up parallel processes, tasklist took 0.607633113861084
Starting merge, parallel processing took 221.34300541877747
bigwig
Merge took 3152.745559692383

