chr11:0-135127769
hek293_dimelo_feb2022_chr11
bases in batch (core allotment reached) 2686890
bases in batch (core allotment reached) 2699515
bases in batch (core allotment reached) 2740025
bases in batch (core allotment reached) 2678293
bases in batch (core allotment reached) 2672590
bases in batch (core allotment reached) 2676515
bases in batch (core allotment reached) 2678236
bases in batch (core allotment reached) 2703083
bases in batch (core allotment reached) 2673716
bases in batch (core allotment reached) 2672480
bases in batch (core allotment reached) 2677818
bases in batch (core allotment reached) 2672317
bases in batch (core allotment reached) 2686835
bases in batch (core allotment reached) 2695838
bases in batch (core allotment reached) 2676208
bases in batch (core allotment reached) 2673058
bases in batch (core allotment reached) 2685463
bases in batch (core allotment reached) 2681597
bases in batch (core allotment reached) 2690865
bases in batch (core allotment reached) 2674099
bases in batch (core allotment reached) 2674106
bases in batch (core allotment reached) 2679388
bases in batch (core allotment reached) 2675319
bases in batch (last for core) 2402725
Starting up parallel processes, tasklist took 0.4866623878479004
Starting merge, parallel processing took 149.5336935520172
bigwig
Merge took 2315.7600026130676

