chr20:0-66210255
hek293_dimelo_feb2022_chr20
bases in batch (core allotment reached) 1373448
bases in batch (core allotment reached) 1348671
bases in batch (core allotment reached) 1342238
bases in batch (core allotment reached) 1350024
bases in batch (core allotment reached) 1345387
bases in batch (core allotment reached) 1348434
bases in batch (core allotment reached) 1361480
bases in batch (core allotment reached) 1342081
bases in batch (core allotment reached) 1348006
bases in batch (core allotment reached) 1344866
bases in batch (core allotment reached) 1347252
bases in batch (core allotment reached) 1347401
bases in batch (core allotment reached) 1341357
bases in batch (core allotment reached) 1341855
bases in batch (core allotment reached) 1350575
bases in batch (core allotment reached) 1346812
bases in batch (core allotment reached) 1359331
bases in batch (core allotment reached) 1341372
bases in batch (core allotment reached) 1341785
bases in batch (core allotment reached) 1340942
bases in batch (core allotment reached) 1354800
bases in batch (core allotment reached) 1345546
bases in batch (core allotment reached) 1346647
bases in batch (last for core) 1162346
Starting up parallel processes, tasklist took 0.29378294944763184
Starting merge, parallel processing took 78.03432989120483
bigwig
Merge took 1107.553579568863

