chr13:0-113566686
hek293_dimelo_feb2022_chr13
bases in batch (core allotment reached) 2823591
bases in batch (core allotment reached) 2782597
bases in batch (core allotment reached) 2793125
bases in batch (core allotment reached) 2784492
bases in batch (core allotment reached) 2785536
bases in batch (core allotment reached) 2802280
bases in batch (core allotment reached) 2782347
bases in batch (core allotment reached) 2817615
bases in batch (core allotment reached) 2781312
bases in batch (core allotment reached) 2806343
bases in batch (core allotment reached) 2792084
bases in batch (core allotment reached) 2783826
bases in batch (core allotment reached) 2839412
bases in batch (core allotment reached) 2805700
bases in batch (core allotment reached) 2801071
bases in batch (core allotment reached) 2824140
bases in batch (core allotment reached) 2806713
bases in batch (core allotment reached) 2787331
bases in batch (core allotment reached) 2787308
bases in batch (core allotment reached) 2780856
bases in batch (core allotment reached) 2788014
bases in batch (core allotment reached) 2782141
bases in batch (core allotment reached) 2781408
bases in batch (last for core) 2417279
Starting up parallel processes, tasklist took 0.5025339126586914
Starting merge, parallel processing took 261.6971480846405
bigwig
Merge took 1961.7954654693604

