chr19:0-61707364
hek293_dimelo_feb2022_chr19
bases in batch (core allotment reached) 1233462
bases in batch (core allotment reached) 1232652
bases in batch (core allotment reached) 1232606
bases in batch (core allotment reached) 1232977
bases in batch (core allotment reached) 1239872
bases in batch (core allotment reached) 1237144
bases in batch (core allotment reached) 1232889
bases in batch (core allotment reached) 1241877
bases in batch (core allotment reached) 1233700
bases in batch (core allotment reached) 1233586
bases in batch (core allotment reached) 1240327
bases in batch (core allotment reached) 1232768
bases in batch (core allotment reached) 1256271
bases in batch (core allotment reached) 1238298
bases in batch (core allotment reached) 1236579
bases in batch (core allotment reached) 1235841
bases in batch (core allotment reached) 1237540
bases in batch (core allotment reached) 1232885
bases in batch (core allotment reached) 1232593
bases in batch (core allotment reached) 1240329
bases in batch (core allotment reached) 1232803
bases in batch (core allotment reached) 1234107
bases in batch (core allotment reached) 1239112
bases in batch (last for core) 1129300
Starting up parallel processes, tasklist took 0.2783167362213135
Starting merge, parallel processing took 77.97831749916077
bigwig
Merge took 991.301783323288

