chr22:0-51324926
hek293_dimelo_feb2022_chr22
bases in batch (core allotment reached) 1238961
bases in batch (core allotment reached) 1231747
bases in batch (core allotment reached) 1237749
bases in batch (core allotment reached) 1259187
bases in batch (core allotment reached) 1235973
bases in batch (core allotment reached) 1230871
bases in batch (core allotment reached) 1248354
bases in batch (core allotment reached) 1231460
bases in batch (core allotment reached) 1231091
bases in batch (core allotment reached) 1231215
bases in batch (core allotment reached) 1236158
bases in batch (core allotment reached) 1231741
bases in batch (core allotment reached) 1246764
bases in batch (core allotment reached) 1231489
bases in batch (core allotment reached) 1231507
bases in batch (core allotment reached) 1234807
bases in batch (core allotment reached) 1242717
bases in batch (core allotment reached) 1231573
bases in batch (core allotment reached) 1231243
bases in batch (core allotment reached) 1241058
bases in batch (core allotment reached) 1232853
bases in batch (core allotment reached) 1237459
bases in batch (core allotment reached) 1238398
bases in batch (last for core) 1088780
Starting up parallel processes, tasklist took 0.33263516426086426
Starting merge, parallel processing took 97.1019332408905
bigwig
Merge took 869.3852260112762

