chr4:0-193574945
hek293_dimelo_feb2022_chr4
bases in batch (core allotment reached) 3438965
bases in batch (core allotment reached) 3427187
bases in batch (core allotment reached) 3411954
bases in batch (core allotment reached) 3447711
bases in batch (core allotment reached) 3431565
bases in batch (core allotment reached) 3410280
bases in batch (core allotment reached) 3409111
bases in batch (core allotment reached) 3413263
bases in batch (core allotment reached) 3459789
bases in batch (core allotment reached) 3409884
bases in batch (core allotment reached) 3440922
bases in batch (core allotment reached) 3422971
bases in batch (core allotment reached) 3411458
bases in batch (core allotment reached) 3421441
bases in batch (core allotment reached) 3431426
bases in batch (core allotment reached) 3417092
bases in batch (core allotment reached) 3412647
bases in batch (core allotment reached) 3410011
bases in batch (core allotment reached) 3409008
bases in batch (core allotment reached) 3423436
bases in batch (core allotment reached) 3424794
bases in batch (core allotment reached) 3410910
bases in batch (core allotment reached) 3435558
bases in batch (last for core) 3082644
Starting up parallel processes, tasklist took 1.1012592315673828
Starting merge, parallel processing took 370.4441010951996
bigwig
Merge took 3265.364956855774

