chr18:0-80542538
hek293_dimelo_feb2022_chr18
bases in batch (core allotment reached) 1471340
bases in batch (core allotment reached) 1440312
bases in batch (core allotment reached) 1436731
bases in batch (core allotment reached) 1451196
bases in batch (core allotment reached) 1439749
bases in batch (core allotment reached) 1449509
bases in batch (core allotment reached) 1442531
bases in batch (core allotment reached) 1464843
bases in batch (core allotment reached) 1465971
bases in batch (core allotment reached) 1447314
bases in batch (core allotment reached) 1448193
bases in batch (core allotment reached) 1445101
bases in batch (core allotment reached) 1443941
bases in batch (core allotment reached) 1439789
bases in batch (core allotment reached) 1437934
bases in batch (core allotment reached) 1441131
bases in batch (core allotment reached) 1438503
bases in batch (core allotment reached) 1439616
bases in batch (core allotment reached) 1438038
bases in batch (core allotment reached) 1450896
bases in batch (core allotment reached) 1442346
bases in batch (core allotment reached) 1443244
bases in batch (core allotment reached) 1436735
bases in batch (last for core) 1212142
Starting up parallel processes, tasklist took 0.41843605041503906
Starting merge, parallel processing took 113.24163722991943
bigwig
Merge took 1360.3891925811768

