chr7:0-160567428
hek293_dimelo_feb2022_chr7
bases in batch (core allotment reached) 3380287
bases in batch (core allotment reached) 3389273
bases in batch (core allotment reached) 3383728
bases in batch (core allotment reached) 3399925
bases in batch (core allotment reached) 3380768
bases in batch (core allotment reached) 3396420
bases in batch (core allotment reached) 3387157
bases in batch (core allotment reached) 3381613
bases in batch (core allotment reached) 3384088
bases in batch (core allotment reached) 3382950
bases in batch (core allotment reached) 3427715
bases in batch (core allotment reached) 3381395
bases in batch (core allotment reached) 3385340
bases in batch (core allotment reached) 3388931
bases in batch (core allotment reached) 3380247
bases in batch (core allotment reached) 3396716
bases in batch (core allotment reached) 3385104
bases in batch (core allotment reached) 3398686
bases in batch (core allotment reached) 3385961
bases in batch (core allotment reached) 3389442
bases in batch (core allotment reached) 3383897
bases in batch (core allotment reached) 3388678
bases in batch (core allotment reached) 3381191
bases in batch (last for core) 3186047
Starting up parallel processes, tasklist took 0.6511209011077881
Starting merge, parallel processing took 188.224538564682
bigwig
Merge took 2592.7289493083954

