chr8:0-146259331
hek293_dimelo_feb2022_chr8
bases in batch (core allotment reached) 2587767
bases in batch (core allotment reached) 2596899
bases in batch (core allotment reached) 2593237
bases in batch (core allotment reached) 2603330
bases in batch (core allotment reached) 2586457
bases in batch (core allotment reached) 2582910
bases in batch (core allotment reached) 2599959
bases in batch (core allotment reached) 2586359
bases in batch (core allotment reached) 2586252
bases in batch (core allotment reached) 2582397
bases in batch (core allotment reached) 2597081
bases in batch (core allotment reached) 2580265
bases in batch (core allotment reached) 2582356
bases in batch (core allotment reached) 2584389
bases in batch (core allotment reached) 2594840
bases in batch (core allotment reached) 2583092
bases in batch (core allotment reached) 2605433
bases in batch (core allotment reached) 2607808
bases in batch (core allotment reached) 2592673
bases in batch (core allotment reached) 2580982
bases in batch (core allotment reached) 2601035
bases in batch (core allotment reached) 2581255
bases in batch (core allotment reached) 2580478
bases in batch (last for core) 2342035
Starting up parallel processes, tasklist took 0.8874261379241943
Starting merge, parallel processing took 183.41827750205994
bigwig
Merge took 2508.1211836338043

