chr21:0-45090682
hek293_dimelo_feb2022_chr21
bases in batch (core allotment reached) 1000547
bases in batch (core allotment reached) 1011644
bases in batch (core allotment reached) 1012656
bases in batch (core allotment reached) 999970
bases in batch (core allotment reached) 1000970
bases in batch (core allotment reached) 1036415
bases in batch (core allotment reached) 1001667
bases in batch (core allotment reached) 1003327
bases in batch (core allotment reached) 1007653
bases in batch (core allotment reached) 1003386
bases in batch (core allotment reached) 1005292
bases in batch (core allotment reached) 1014268
bases in batch (core allotment reached) 1003387
bases in batch (core allotment reached) 1000219
bases in batch (core allotment reached) 1002172
bases in batch (core allotment reached) 1001920
bases in batch (core allotment reached) 1021406
bases in batch (core allotment reached) 999470
bases in batch (core allotment reached) 998263
bases in batch (core allotment reached) 1034091
bases in batch (core allotment reached) 1030572
bases in batch (core allotment reached) 1005705
bases in batch (core allotment reached) 1000286
bases in batch (last for core) 750699
Starting up parallel processes, tasklist took 0.48026084899902344
Starting merge, parallel processing took 99.71021437644958
bigwig
Merge took 764.7952919006348

