chr15:0-99753195
hek293_dimelo_feb2022_chr15
bases in batch (core allotment reached) 1810380
bases in batch (core allotment reached) 1812359
bases in batch (core allotment reached) 1833924
bases in batch (core allotment reached) 1818274
bases in batch (core allotment reached) 1808735
bases in batch (core allotment reached) 1814882
bases in batch (core allotment reached) 1824008
bases in batch (core allotment reached) 1817967
bases in batch (core allotment reached) 1820172
bases in batch (core allotment reached) 1840288
bases in batch (core allotment reached) 1813816
bases in batch (core allotment reached) 1811563
bases in batch (core allotment reached) 1811755
bases in batch (core allotment reached) 1843461
bases in batch (core allotment reached) 1826763
bases in batch (core allotment reached) 1809447
bases in batch (core allotment reached) 1814095
bases in batch (core allotment reached) 1823955
bases in batch (core allotment reached) 1812230
bases in batch (core allotment reached) 1810495
bases in batch (core allotment reached) 1834640
bases in batch (core allotment reached) 1830504
bases in batch (core allotment reached) 1808038
bases in batch (last for core) 1534080
Starting up parallel processes, tasklist took 0.5098011493682861
Starting merge, parallel processing took 232.56683897972107
bigwig
Merge took 1683.645278453827

