chr17:0-84276897
hek293_dimelo_feb2022_chr17
bases in batch (core allotment reached) 1938983
bases in batch (core allotment reached) 1946545
bases in batch (core allotment reached) 1934476
bases in batch (core allotment reached) 1934586
bases in batch (core allotment reached) 1968918
bases in batch (core allotment reached) 1953764
bases in batch (core allotment reached) 1938366
bases in batch (core allotment reached) 1936460
bases in batch (core allotment reached) 1936878
bases in batch (core allotment reached) 1939212
bases in batch (core allotment reached) 1938721
bases in batch (core allotment reached) 1947726
bases in batch (core allotment reached) 1941356
bases in batch (core allotment reached) 1951616
bases in batch (core allotment reached) 1941228
bases in batch (core allotment reached) 1937573
bases in batch (core allotment reached) 1939474
bases in batch (core allotment reached) 1935890
bases in batch (core allotment reached) 1935150
bases in batch (core allotment reached) 1949081
bases in batch (core allotment reached) 1939769
bases in batch (core allotment reached) 1959668
bases in batch (core allotment reached) 1936415
bases in batch (last for core) 1737466
Starting up parallel processes, tasklist took 0.6240601539611816
Starting merge, parallel processing took 127.47410607337952
bigwig
Merge took 1381.2366490364075

